#
# There is insufficient memory for the Java Runtime Environment to continue.
# Native memory allocation (malloc) failed to allocate 458896 bytes for Chunk::new
# Possible reasons:
#   The system is out of physical RAM or swap space
#   The process is running with CompressedOops enabled, and the Java Heap may be blocking the growth of the native heap
# Possible solutions:
#   Reduce memory load on the system
#   Increase physical memory or swap space
#   Check if swap backing store is full
#   Decrease Java heap size (-Xmx/-Xms)
#   Decrease number of Java threads
#   Decrease Java thread stack sizes (-Xss)
#   Set larger code cache with -XX:ReservedCodeCacheSize=
#   JVM is running with Unscaled Compressed Oops mode in which the Java heap is
#     placed in the first 4GB address space. The Java Heap base address is the
#     maximum limit for the native heap growth. Please use -XX:HeapBaseMinAddress
#     to set the Java Heap base and to place the Java Heap above 4GB virtual address.
# This output file may be truncated or incomplete.
#
#  Out of Memory Error (allocation.cpp:390), pid=7128, tid=0x000000000000392c
#
# JRE version: Java(TM) SE Runtime Environment (8.0_201-b09) (build 1.8.0_201-b09)
# Java VM: Java HotSpot(TM) 64-Bit Server VM (25.201-b09 mixed mode windows-amd64 compressed oops)
# Failed to write core dump. Minidumps are not enabled by default on client versions of Windows
#

---------------  T H R E A D  ---------------

Current thread (0x000000001532a800):  JavaThread "C2 CompilerThread0" daemon [_thread_in_native, id=14636, stack(0x0000000016980000,0x0000000016a80000)]

Stack: [0x0000000016980000,0x0000000016a80000]
[error occurred during error reporting (printing stack bounds), id 0xc0000005]

Native frames: (J=compiled Java code, j=interpreted, Vv=VM code, C=native code)


Current CompileTask:
C2:  59934  729   !   4       javax.swing.RepaintManager::addDirtyRegion0 (205 bytes)


---------------  P R O C E S S  ---------------

Java Threads: ( => current thread )
  0x00000000029dd800 JavaThread "DestroyJavaVM" [_thread_blocked, id=10332, stack(0x0000000002b60000,0x0000000002c60000)]
  0x0000000017da5000 JavaThread "TimerQueue" daemon [_thread_blocked, id=11732, stack(0x0000000018a70000,0x0000000018b70000)]
  0x0000000017d49000 JavaThread "AWT-EventQueue-0" [_thread_blocked, id=2240, stack(0x0000000018530000,0x0000000018630000)]
  0x0000000016f2e800 JavaThread "AWT-Windows" daemon [_thread_in_native, id=11936, stack(0x00000000175c0000,0x00000000176c0000)]
  0x0000000016f2b000 JavaThread "AWT-Shutdown" [_thread_blocked, id=17980, stack(0x00000000174c0000,0x00000000175c0000)]
  0x0000000016f76800 JavaThread "Java2D Disposer" daemon [_thread_blocked, id=1700, stack(0x00000000173c0000,0x00000000174c0000)]
  0x000000001538d800 JavaThread "Service Thread" daemon [_thread_blocked, id=15444, stack(0x0000000017080000,0x0000000017180000)]
  0x0000000016b88800 JavaThread "C1 CompilerThread2" daemon [_thread_blocked, id=15280, stack(0x0000000016f80000,0x0000000017080000)]
  0x0000000015384800 JavaThread "C2 CompilerThread1" daemon [_thread_blocked, id=8500, stack(0x0000000016a80000,0x0000000016b80000)]
=>0x000000001532a800 JavaThread "C2 CompilerThread0" daemon [_thread_in_native, id=14636, stack(0x0000000016980000,0x0000000016a80000)]
  0x0000000015329000 JavaThread "Attach Listener" daemon [_thread_blocked, id=10068, stack(0x0000000016880000,0x0000000016980000)]
  0x0000000015334800 JavaThread "Signal Dispatcher" daemon [_thread_blocked, id=448, stack(0x0000000016780000,0x0000000016880000)]
  0x000000001531a000 JavaThread "Finalizer" daemon [_thread_blocked, id=2776, stack(0x0000000016590000,0x0000000016690000)]
  0x0000000002d50000 JavaThread "Reference Handler" daemon [_thread_blocked, id=8116, stack(0x0000000016490000,0x0000000016590000)]

Other Threads:
  0x00000000152f7800 VMThread [stack: 0x0000000016390000,0x0000000016490000] [id=6572]
  0x0000000016ba1800 WatcherThread [stack: 0x0000000017180000,0x0000000017280000] [id=12448]

VM state:not at safepoint (normal execution)

VM Mutex/Monitor currently owned by a thread: None

heap address: 0x00000000c1c00000, size: 996 MB, Compressed Oops mode: 32-bit
Narrow klass base: 0x0000000000000000, Narrow klass shift: 3
Compressed class space size: 1073741824 Address: 0x0000000100000000

Heap:
 PSYoungGen      total 18944K, used 9637K [0x00000000eb400000, 0x00000000ec900000, 0x0000000100000000)
  eden space 16384K, 58% used [0x00000000eb400000,0x00000000ebd695f0,0x00000000ec400000)
  from space 2560K, 0% used [0x00000000ec680000,0x00000000ec680000,0x00000000ec900000)
  to   space 2560K, 0% used [0x00000000ec400000,0x00000000ec400000,0x00000000ec680000)
 ParOldGen       total 44032K, used 0K [0x00000000c1c00000, 0x00000000c4700000, 0x00000000eb400000)
  object space 44032K, 0% used [0x00000000c1c00000,0x00000000c1c00000,0x00000000c4700000)
 Metaspace       used 8475K, capacity 8722K, committed 8832K, reserved 1056768K
  class space    used 1013K, capacity 1093K, committed 1152K, reserved 1048576K

Card table byte_map: [0x0000000012120000,0x0000000012320000] byte_map_base: 0x0000000011b12000

Marking Bits: (ParMarkBitMap*) 0x0000000076374ce0
 Begin Bits: [0x0000000012870000, 0x0000000013800000)
 End Bits:   [0x0000000013800000, 0x0000000014790000)

Polling page: 0x0000000000d10000

CodeCache: size=245760Kb used=2659Kb max_used=2673Kb free=243100Kb
 bounds [0x0000000002d60000, 0x0000000003000000, 0x0000000011d60000]
 total_blobs=1149 nmethods=728 adapters=334
 compilation: enabled

Compilation events (10 events):
Event: 42.495 Thread 0x0000000015384800 nmethod 724 0x0000000002fee190 code [0x0000000002fee2e0, 0x0000000002fee398]
Event: 42.742 Thread 0x000000001532a800  725       4       java.awt.AWTEvent::<init> (81 bytes)
Event: 42.747 Thread 0x000000001532a800 nmethod 725 0x0000000002feb4d0 code [0x0000000002feb660, 0x0000000002febaf0]
Event: 43.744 Thread 0x0000000015384800  726       4       java.util.HashMap::put (13 bytes)
Event: 43.745 Thread 0x0000000015384800 nmethod 726 0x0000000002fec190 code [0x0000000002fec2e0, 0x0000000002fec3e8]
Event: 47.283 Thread 0x000000001532a800  727       4       java.util.concurrent.locks.AbstractQueuedSynchronizer::transferForSignal (45 bytes)
Event: 47.284 Thread 0x000000001532a800 nmethod 727 0x0000000002fed950 code [0x0000000002fedaa0, 0x0000000002fedc18]
Event: 48.723 Thread 0x0000000015384800  728       4       java.util.concurrent.locks.AbstractQueuedSynchronizer$ConditionObject::awaitNanos (156 bytes)
Event: 48.736 Thread 0x0000000015384800 nmethod 728 0x0000000002fe7890 code [0x0000000002fe7a80, 0x0000000002fe85a0]
Event: 58.281 Thread 0x000000001532a800  729   !   4       javax.swing.RepaintManager::addDirtyRegion0 (205 bytes)

GC Heap History (0 events):
No events

Deoptimization events (1 events):
Event: 0.251 Thread 0x00000000029dd800 Uncommon trap: reason=null_check action=make_not_entrant pc=0x0000000002ed11a0 method=java.lang.String.equals(Ljava/lang/Object;)Z @ 8

Classes redefined (0 events):
No events

Internal exceptions (10 events):
Event: 0.035 Thread 0x00000000029dd800 Exception <a 'java/lang/NoSuchMethodError': Method sun.misc.Unsafe.prefetchRead(Ljava/lang/Object;J)V name or signature does not match> (0x00000000eb407f98) thrown at [C:\re\workspace\8-2-build-windows-amd64-cygwin\jdk8u201\12322\hotspot\src\share\vm\prim
Event: 0.152 Thread 0x00000000029dd800 Exception <a 'java/security/PrivilegedActionException'> (0x00000000eb47f6b8) thrown at [C:\re\workspace\8-2-build-windows-amd64-cygwin\jdk8u201\12322\hotspot\src\share\vm\prims\jvm.cpp, line 1502]
Event: 0.152 Thread 0x00000000029dd800 Exception <a 'java/security/PrivilegedActionException'> (0x00000000eb47f8c8) thrown at [C:\re\workspace\8-2-build-windows-amd64-cygwin\jdk8u201\12322\hotspot\src\share\vm\prims\jvm.cpp, line 1502]
Event: 0.153 Thread 0x00000000029dd800 Exception <a 'java/security/PrivilegedActionException'> (0x00000000eb483538) thrown at [C:\re\workspace\8-2-build-windows-amd64-cygwin\jdk8u201\12322\hotspot\src\share\vm\prims\jvm.cpp, line 1502]
Event: 0.153 Thread 0x00000000029dd800 Exception <a 'java/security/PrivilegedActionException'> (0x00000000eb483748) thrown at [C:\re\workspace\8-2-build-windows-amd64-cygwin\jdk8u201\12322\hotspot\src\share\vm\prims\jvm.cpp, line 1502]
Event: 0.157 Thread 0x00000000029dd800 Exception <a 'java/io/FileNotFoundException'> (0x00000000eb485928) thrown at [C:\re\workspace\8-2-build-windows-amd64-cygwin\jdk8u201\12322\hotspot\src\share\vm\prims\jni.cpp, line 709]
Event: 0.192 Thread 0x00000000029dd800 Exception <a 'java/lang/NoSuchFieldError': method resolution failed> (0x00000000eb5a8470) thrown at [C:\re\workspace\8-2-build-windows-amd64-cygwin\jdk8u201\12322\hotspot\src\share\vm\prims\methodHandles.cpp, line 1167]
Event: 0.193 Thread 0x00000000029dd800 Exception <a 'java/lang/NoSuchFieldError': method resolution failed> (0x00000000eb5b5840) thrown at [C:\re\workspace\8-2-build-windows-amd64-cygwin\jdk8u201\12322\hotspot\src\share\vm\prims\methodHandles.cpp, line 1167]
Event: 0.251 Thread 0x00000000029dd800 Implicit null exception at 0x0000000002ed0fe2 to 0x0000000002ed1191
Event: 0.258 Thread 0x00000000029dd800 Exception <a 'java/io/FileNotFoundException'> (0x00000000eb6ef3e0) thrown at [C:\re\workspace\8-2-build-windows-amd64-cygwin\jdk8u201\12322\hotspot\src\share\vm\prims\jni.cpp, line 709]

Events (10 events):
Event: 0.728 loading class javax/swing/JWindow done
Event: 0.728 loading class javax/swing/Popup$HeavyWeightWindow done
Event: 4.153 Executing VM operation: EnableBiasedLocking
Event: 4.153 Executing VM operation: EnableBiasedLocking done
Event: 8.251 Thread 0x0000000017d49000 DEOPT PACKING pc=0x0000000002f303ba sp=0x000000001862e1f0
Event: 8.251 Thread 0x0000000017d49000 DEOPT UNPACKING pc=0x0000000002da7890 sp=0x000000001862df08 mode 0
Event: 8.881 loading class java/awt/KeyboardFocusManager$2
Event: 8.881 loading class java/awt/KeyboardFocusManager$2 done
Event: 8.881 loading class sun/awt/SunToolkit$1
Event: 8.881 loading class sun/awt/SunToolkit$1 done


Dynamic libraries:
0x00007ff7e91a0000 - 0x00007ff7e91d7000 	C:\Program Files\Java\jre1.8.0_201\bin\javaw.exe
0x00007ffd79480000 - 0x00007ffd79661000 	C:\WINDOWS\SYSTEM32\ntdll.dll
0x00007ffd790d0000 - 0x00007ffd79181000 	C:\WINDOWS\System32\KERNEL32.DLL
0x00007ffd76690000 - 0x00007ffd76903000 	C:\WINDOWS\System32\KERNELBASE.dll
0x00007ffd776e0000 - 0x00007ffd77781000 	C:\WINDOWS\System32\ADVAPI32.dll
0x00007ffd791a0000 - 0x00007ffd7923e000 	C:\WINDOWS\System32\msvcrt.dll
0x00007ffd76dc0000 - 0x00007ffd76e1b000 	C:\WINDOWS\System32\sechost.dll
0x00007ffd771d0000 - 0x00007ffd772f4000 	C:\WINDOWS\System32\RPCRT4.dll
0x00007ffd76e20000 - 0x00007ffd76fb0000 	C:\WINDOWS\System32\USER32.dll
0x00007ffd76380000 - 0x00007ffd763a0000 	C:\WINDOWS\System32\win32u.dll
0x00007ffd79420000 - 0x00007ffd79448000 	C:\WINDOWS\System32\GDI32.dll
0x00007ffd764a0000 - 0x00007ffd76632000 	C:\WINDOWS\System32\gdi32full.dll
0x00007ffd763a0000 - 0x00007ffd7643f000 	C:\WINDOWS\System32\msvcp_win.dll
0x00007ffd75ac0000 - 0x00007ffd75bb8000 	C:\WINDOWS\System32\ucrtbase.dll
0x00007ffd6b5c0000 - 0x00007ffd6b829000 	C:\WINDOWS\WinSxS\amd64_microsoft.windows.common-controls_6595b64144ccf1df_6.0.17134.765_none_fb42a1a930655896\COMCTL32.dll
0x00007ffd769e0000 - 0x00007ffd76d02000 	C:\WINDOWS\System32\combase.dll
0x00007ffd75850000 - 0x00007ffd758ca000 	C:\WINDOWS\System32\bcryptPrimitives.dll
0x00007ffd76910000 - 0x00007ffd7693d000 	C:\WINDOWS\System32\IMM32.DLL
0x0000000075a70000 - 0x0000000075b41000 	C:\Program Files\Java\jre1.8.0_201\bin\msvcr100.dll
0x0000000075b50000 - 0x00000000763f4000 	C:\Program Files\Java\jre1.8.0_201\bin\server\jvm.dll
0x00007ffd77790000 - 0x00007ffd77798000 	C:\WINDOWS\System32\PSAPI.DLL
0x00007ffd6a240000 - 0x00007ffd6a24a000 	C:\WINDOWS\SYSTEM32\VERSION.dll
0x00007ffd72150000 - 0x00007ffd72159000 	C:\WINDOWS\SYSTEM32\WSOCK32.dll
0x00007ffd77300000 - 0x00007ffd7736c000 	C:\WINDOWS\System32\WS2_32.dll
0x00007ffd73370000 - 0x00007ffd73393000 	C:\WINDOWS\SYSTEM32\WINMM.dll
0x00007ffd73340000 - 0x00007ffd7336a000 	C:\WINDOWS\SYSTEM32\WINMMBASE.dll
0x00007ffd76640000 - 0x00007ffd76689000 	C:\WINDOWS\System32\cfgmgr32.dll
0x00007ffd72140000 - 0x00007ffd7214f000 	C:\Program Files\Java\jre1.8.0_201\bin\verify.dll
0x00007ffd5e6c0000 - 0x00007ffd5e6e9000 	C:\Program Files\Java\jre1.8.0_201\bin\java.dll
0x00007ffd68c70000 - 0x00007ffd68c86000 	C:\Program Files\Java\jre1.8.0_201\bin\zip.dll
0x00007ffd777a0000 - 0x00007ffd78be0000 	C:\WINDOWS\System32\SHELL32.dll
0x00007ffd76d10000 - 0x00007ffd76db9000 	C:\WINDOWS\System32\shcore.dll
0x00007ffd75bc0000 - 0x00007ffd762cd000 	C:\WINDOWS\System32\windows.storage.dll
0x00007ffd79240000 - 0x00007ffd79291000 	C:\WINDOWS\System32\shlwapi.dll
0x00007ffd757d0000 - 0x00007ffd757e1000 	C:\WINDOWS\System32\kernel.appcore.dll
0x00007ffd757b0000 - 0x00007ffd757cf000 	C:\WINDOWS\System32\profapi.dll
0x00007ffd75800000 - 0x00007ffd7584c000 	C:\WINDOWS\System32\powrprof.dll
0x00007ffd757f0000 - 0x00007ffd757fa000 	C:\WINDOWS\System32\FLTLIB.DLL
0x00007ffd4d420000 - 0x00007ffd4d5b9000 	C:\Program Files\Java\jre1.8.0_201\bin\awt.dll
0x00007ffd77380000 - 0x00007ffd77442000 	C:\WINDOWS\System32\OLEAUT32.dll
0x00007ffd73db0000 - 0x00007ffd73e3b000 	C:\WINDOWS\SYSTEM32\apphelp.dll
0x00007ffd73e60000 - 0x00007ffd73ef8000 	C:\WINDOWS\system32\uxtheme.dll
0x00007ffd792a0000 - 0x00007ffd79413000 	C:\WINDOWS\System32\MSCTF.dll
0x00007ffd741a0000 - 0x00007ffd741c9000 	C:\WINDOWS\system32\dwmapi.dll
0x00007ffd77070000 - 0x00007ffd771c1000 	C:\WINDOWS\System32\ole32.dll
0x00007ffd56b00000 - 0x00007ffd56c20000 	C:\WINDOWS\system32\opengl32.dll
0x00007ffd6eed0000 - 0x00007ffd6eefc000 	C:\WINDOWS\SYSTEM32\GLU32.dll
0x00007ffd57680000 - 0x00007ffd576c7000 	C:\Program Files\Java\jre1.8.0_201\bin\fontmanager.dll
0x00007ffd6d6e0000 - 0x00007ffd6d776000 	C:\WINDOWS\System32\TextInputFramework.dll
0x00007ffd72f30000 - 0x00007ffd7300a000 	C:\WINDOWS\System32\CoreMessaging.dll
0x00007ffd70ac0000 - 0x00007ffd70dde000 	C:\WINDOWS\System32\CoreUIComponents.dll
0x00007ffd71320000 - 0x00007ffd7146d000 	C:\WINDOWS\SYSTEM32\wintypes.dll
0x00007ffd74880000 - 0x00007ffd748b1000 	C:\WINDOWS\SYSTEM32\ntmarta.dll

VM Arguments:
jvm_args: -Dfile.encoding=Cp1252 
java_command: Evo
java_class_path (initial): C:\Users\League\git\league-level2-game-adrianolguin\bin
Launcher Type: SUN_STANDARD

Environment Variables:
PATH=C:/Program Files/Java/jre1.8.0_201/bin/server;C:/Program Files/Java/jre1.8.0_201/bin;C:/Program Files/Java/jre1.8.0_201/lib/amd64;C:\WINDOWS;C:\Program Files (x86)\Common Files\Oracle\Java\javapath;C:\WINDOWS\system32;C:\WINDOWS;C:\WINDOWS\System32\Wbem;C:\WINDOWS\System32\WindowsPowerShell\v1.0\;C:\Program Files (x86)\Intel\OpenCL SDK\2.0\bin\x86;C:\Program Files (x86)\Intel\OpenCL SDK\2.0\bin\x64;C:\WINDOWS\System32\OpenSSH\;C:\Users\League\AppData\Local\Microsoft\WindowsApps;;C:\Users\League\Desktop;
USERNAME=League
OS=Windows_NT
PROCESSOR_IDENTIFIER=Intel64 Family 6 Model 42 Stepping 7, GenuineIntel



---------------  S Y S T E M  ---------------

OS: Windows 10.0 , 64 bit Build 17134 (10.0.17134.753)

CPU:total 4 (initial active 4) (4 cores per cpu, 1 threads per core) family 6 model 42 stepping 7, cmov, cx8, fxsr, mmx, sse, sse2, sse3, ssse3, sse4.1, sse4.2, popcnt, avx, aes, clmul, tsc, tscinvbit

Memory: 4k page, physical 4079568k(505052k free), swap 16662480k(1240k free)

vm_info: Java HotSpot(TM) 64-Bit Server VM (25.201-b09) for windows-amd64 JRE (1.8.0_201-b09), built on Dec 15 2018 18:36:39 by "java_re" with MS VC++ 10.0 (VS2010)

time: Mon May 27 23:40:32 2019
timezone: Pacific Daylight Time
elapsed time: 60 seconds (0d 0h 1m 0s)

