#
# There is insufficient memory for the Java Runtime Environment to continue.
# Native memory allocation (malloc) failed to allocate 1048576 bytes for AllocateHeap
# Possible reasons:
#   The system is out of physical RAM or swap space
#   The process is running with CompressedOops enabled, and the Java Heap may be blocking the growth of the native heap
# Possible solutions:
#   Reduce memory load on the system
#   Increase physical memory or swap space
#   Check if swap backing store is full
#   Decrease Java heap size (-Xmx/-Xms)
#   Decrease number of Java threads
#   Decrease Java thread stack sizes (-Xss)
#   Set larger code cache with -XX:ReservedCodeCacheSize=
#   JVM is running with Unscaled Compressed Oops mode in which the Java heap is
#     placed in the first 4GB address space. The Java Heap base address is the
#     maximum limit for the native heap growth. Please use -XX:HeapBaseMinAddress
#     to set the Java Heap base and to place the Java Heap above 4GB virtual address.
# This output file may be truncated or incomplete.
#
#  Out of Memory Error (memory/allocation.inline.hpp:61), pid=14320, tid=0x00000000000032e0
#
# JRE version:  (8.0_201-b09) (build )
# Java VM: Java HotSpot(TM) 64-Bit Server VM (25.201-b09 mixed mode windows-amd64 compressed oops)
# Failed to write core dump. Minidumps are not enabled by default on client versions of Windows
#

---------------  T H R E A D  ---------------

Current thread (0x00000000030ed800):  JavaThread "Unknown thread" [_thread_in_vm, id=13024, stack(0x00000000030f0000,0x00000000031f0000)]

Stack: [0x00000000030f0000,0x00000000031f0000]
[error occurred during error reporting (printing stack bounds), id 0xc0000005]

Native frames: (J=compiled Java code, j=interpreted, Vv=VM code, C=native code)


---------------  P R O C E S S  ---------------

Java Threads: ( => current thread )

Other Threads:

=>0x00000000030ed800 (exited) JavaThread "Unknown thread" [_thread_in_vm, id=13024, stack(0x00000000030f0000,0x00000000031f0000)]

VM state:not at safepoint (normal execution)

VM Mutex/Monitor currently owned by a thread: None

heap address: 0x00000000c1c00000, size: 996 MB, Compressed Oops mode: 32-bit
Narrow klass base: 0x0000000000000000, Narrow klass shift: 3
Compressed class space size: 1073741824 Address: 0x0000000100000000

Heap:
 PSYoungGen      total 18944K, used 327K [0x00000000eb400000, 0x00000000ec900000, 0x0000000100000000)
  eden space 16384K, 2% used [0x00000000eb400000,0x00000000eb451ec8,0x00000000ec400000)
  from space 2560K, 0% used [0x00000000ec680000,0x00000000ec680000,0x00000000ec900000)
  to   space 2560K, 0% used [0x00000000ec400000,0x00000000ec400000,0x00000000ec680000)
 ParOldGen       total 44032K, used 0K [0x00000000c1c00000, 0x00000000c4700000, 0x00000000eb400000)
  object space 44032K, 0% used [0x00000000c1c00000,0x00000000c1c00000,0x00000000c4700000)
 Metaspace       used 751K, capacity 4480K, committed 4480K, reserved 1056768K
  class space    used 76K, capacity 384K, committed 384K, reserved 1048576K

Card table byte_map: [0x00000000126b0000,0x00000000128b0000] byte_map_base: 0x00000000120a2000

Marking Bits: (ParMarkBitMap*) 0x0000000068f44ce0
 Begin Bits: [0x0000000012e00000, 0x0000000013d90000)
 End Bits:   [0x0000000013d90000, 0x0000000014d20000)

Polling page: 0x0000000001750000

CodeCache: size=245760Kb used=328Kb max_used=328Kb free=245431Kb
 bounds [0x00000000032f0000, 0x0000000003560000, 0x00000000122f0000]
 total_blobs=58 nmethods=0 adapters=38
 compilation: enabled

Compilation events (0 events):
No events

GC Heap History (0 events):
No events

Deoptimization events (0 events):
No events

Classes redefined (0 events):
No events

Internal exceptions (0 events):
No events

Events (10 events):
Event: 0.069 loading class java/lang/Short
Event: 0.069 loading class java/lang/Short done
Event: 0.069 loading class java/lang/Integer
Event: 0.069 loading class java/lang/Integer done
Event: 0.069 loading class java/lang/Long
Event: 0.069 loading class java/lang/Long done
Event: 0.070 loading class java/lang/NullPointerException
Event: 0.070 loading class java/lang/NullPointerException done
Event: 0.070 loading class java/lang/ArithmeticException
Event: 0.070 loading class java/lang/ArithmeticException done


Dynamic libraries:
0x00007ff783bc0000 - 0x00007ff783bf7000 	C:\Program Files\Java\jre1.8.0_201\bin\javaw.exe
0x00007ffa4d760000 - 0x00007ffa4d950000 	C:\WINDOWS\SYSTEM32\ntdll.dll
0x00007ffa4b810000 - 0x00007ffa4b8c2000 	C:\WINDOWS\System32\KERNEL32.DLL
0x00007ffa4b4e0000 - 0x00007ffa4b783000 	C:\WINDOWS\System32\KERNELBASE.dll
0x00007ffa4cdf0000 - 0x00007ffa4ce93000 	C:\WINDOWS\System32\ADVAPI32.dll
0x00007ffa4d430000 - 0x00007ffa4d4ce000 	C:\WINDOWS\System32\msvcrt.dll
0x00007ffa4cd50000 - 0x00007ffa4cde7000 	C:\WINDOWS\System32\sechost.dll
0x00007ffa4d310000 - 0x00007ffa4d430000 	C:\WINDOWS\System32\RPCRT4.dll
0x00007ffa4d4d0000 - 0x00007ffa4d664000 	C:\WINDOWS\System32\USER32.dll
0x00007ffa4b010000 - 0x00007ffa4b031000 	C:\WINDOWS\System32\win32u.dll
0x00007ffa4cd20000 - 0x00007ffa4cd46000 	C:\WINDOWS\System32\GDI32.dll
0x00007ffa4b0a0000 - 0x00007ffa4b234000 	C:\WINDOWS\System32\gdi32full.dll
0x00007ffa4b240000 - 0x00007ffa4b2de000 	C:\WINDOWS\System32\msvcp_win.dll
0x00007ffa4a6f0000 - 0x00007ffa4a7ea000 	C:\WINDOWS\System32\ucrtbase.dll
0x00007ffa3eb50000 - 0x00007ffa3edd5000 	C:\WINDOWS\WinSxS\amd64_microsoft.windows.common-controls_6595b64144ccf1df_6.0.18362.535_none_e6c3b34713100821\COMCTL32.dll
0x00007ffa4bac0000 - 0x00007ffa4bdf6000 	C:\WINDOWS\System32\combase.dll
0x00007ffa4b790000 - 0x00007ffa4b810000 	C:\WINDOWS\System32\bcryptPrimitives.dll
0x00007ffa4ba90000 - 0x00007ffa4babe000 	C:\WINDOWS\System32\IMM32.DLL
0x0000000069a00000 - 0x0000000069ad1000 	C:\Program Files\Java\jre1.8.0_201\bin\msvcr100.dll
0x0000000068720000 - 0x0000000068fc4000 	C:\Program Files\Java\jre1.8.0_201\bin\server\jvm.dll
0x00007ffa4c7c0000 - 0x00007ffa4c7c8000 	C:\WINDOWS\System32\PSAPI.DLL
0x00007ffa480d0000 - 0x00007ffa480f4000 	C:\WINDOWS\SYSTEM32\WINMM.dll
0x00007ffa42fc0000 - 0x00007ffa42fc9000 	C:\WINDOWS\SYSTEM32\WSOCK32.dll
0x00007ffa491a0000 - 0x00007ffa491aa000 	C:\WINDOWS\SYSTEM32\VERSION.dll
0x00007ffa4b8d0000 - 0x00007ffa4b93f000 	C:\WINDOWS\System32\WS2_32.dll
0x00007ffa480a0000 - 0x00007ffa480cd000 	C:\WINDOWS\SYSTEM32\winmmbase.dll
0x00007ffa4a810000 - 0x00007ffa4a85a000 	C:\WINDOWS\System32\cfgmgr32.dll
0x00007ffa40120000 - 0x00007ffa4012f000 	C:\Program Files\Java\jre1.8.0_201\bin\verify.dll
0x00007ffa24ae0000 - 0x00007ffa24b09000 	C:\Program Files\Java\jre1.8.0_201\bin\java.dll
0x00007ffa310f0000 - 0x00007ffa31106000 	C:\Program Files\Java\jre1.8.0_201\bin\zip.dll

VM Arguments:
jvm_args: -Dfile.encoding=Cp1252 
java_command: Evolution
java_class_path (initial): C:\Users\League\git\league-level2-game-adrianolguin\bin
Launcher Type: SUN_STANDARD

Environment Variables:
PATH=C:/Program Files/Java/jre1.8.0_201/bin/server;C:/Program Files/Java/jre1.8.0_201/bin;C:/Program Files/Java/jre1.8.0_201/lib/amd64;C:\WINDOWS;C:\WINDOWS;C:\WINDOWS;C:\WINDOWS;C:\WINDOWS;C:\WINDOWS;C:\Program Files (x86)\Common Files\Oracle\Java\javapath;C:\WINDOWS\system32;C:\WINDOWS;C:\WINDOWS\System32\Wbem;C:\WINDOWS\System32\WindowsPowerShell\v1.0\;C:\Program Files (x86)\Intel\OpenCL SDK\2.0\bin\x86;C:\Program Files (x86)\Intel\OpenCL SDK\2.0\bin\x64;C:\WINDOWS\System32\OpenSSH\;C:\Users\League\AppData\Local\Microsoft\WindowsApps;;C:\Users\League\Desktop;
USERNAME=League
OS=Windows_NT
PROCESSOR_IDENTIFIER=Intel64 Family 6 Model 42 Stepping 7, GenuineIntel



---------------  S Y S T E M  ---------------

OS: Windows 10.0 , 64 bit Build 18362 (10.0.18362.329)

CPU:total 4 (initial active 4) (4 cores per cpu, 1 threads per core) family 6 model 42 stepping 7, cmov, cx8, fxsr, mmx, sse, sse2, sse3, ssse3, sse4.1, sse4.2, popcnt, avx, aes, clmul, tsc, tscinvbit

Memory: 4k page, physical 4079568k(414164k free), swap 16662480k(7124k free)

vm_info: Java HotSpot(TM) 64-Bit Server VM (25.201-b09) for windows-amd64 JRE (1.8.0_201-b09), built on Dec 15 2018 18:36:39 by "java_re" with MS VC++ 10.0 (VS2010)

time: Tue Dec 24 16:56:20 2019
timezone: Pacific Standard Time
elapsed time: 0 seconds (0d 0h 0m 0s)

