#
# There is insufficient memory for the Java Runtime Environment to continue.
# Native memory allocation (malloc) failed to allocate 32744 bytes for ChunkPool::allocate
# Possible reasons:
#   The system is out of physical RAM or swap space
#   The process is running with CompressedOops enabled, and the Java Heap may be blocking the growth of the native heap
# Possible solutions:
#   Reduce memory load on the system
#   Increase physical memory or swap space
#   Check if swap backing store is full
#   Decrease Java heap size (-Xmx/-Xms)
#   Decrease number of Java threads
#   Decrease Java thread stack sizes (-Xss)
#   Set larger code cache with -XX:ReservedCodeCacheSize=
#   JVM is running with Unscaled Compressed Oops mode in which the Java heap is
#     placed in the first 4GB address space. The Java Heap base address is the
#     maximum limit for the native heap growth. Please use -XX:HeapBaseMinAddress
#     to set the Java Heap base and to place the Java Heap above 4GB virtual address.
# This output file may be truncated or incomplete.
#
#  Out of Memory Error (allocation.cpp:273), pid=17960, tid=0x0000000000004694
#
# JRE version: Java(TM) SE Runtime Environment (8.0_201-b09) (build 1.8.0_201-b09)
# Java VM: Java HotSpot(TM) 64-Bit Server VM (25.201-b09 mixed mode windows-amd64 compressed oops)
# Failed to write core dump. Minidumps are not enabled by default on client versions of Windows
#

---------------  T H R E A D  ---------------

Current thread (0x0000000015791000):  JavaThread "C2 CompilerThread1" daemon [_thread_in_native, id=18068, stack(0x0000000016ed0000,0x0000000016fd0000)]

Stack: [0x0000000016ed0000,0x0000000016fd0000]
[error occurred during error reporting (printing stack bounds), id 0xc0000005]

Native frames: (J=compiled Java code, j=interpreted, Vv=VM code, C=native code)


Current CompileTask:
C2:59915433  738       4       java.awt.EventQueue::postEvent (172 bytes)


---------------  P R O C E S S  ---------------

Java Threads: ( => current thread )
  0x0000000002fbd800 JavaThread "DestroyJavaVM" [_thread_blocked, id=18016, stack(0x0000000002fc0000,0x00000000030c0000)]
  0x00000000181e6800 JavaThread "TimerQueue" daemon [_thread_blocked, id=18128, stack(0x0000000018ed0000,0x0000000018fd0000)]
  0x0000000018192800 JavaThread "AWT-EventQueue-0" [_thread_blocked, id=18116, stack(0x0000000018990000,0x0000000018a90000)]
  0x00000000174a4800 JavaThread "AWT-Windows" daemon [_thread_in_native, id=18112, stack(0x0000000017a10000,0x0000000017b10000)]
  0x00000000174a1000 JavaThread "AWT-Shutdown" [_thread_blocked, id=18108, stack(0x0000000017910000,0x0000000017a10000)]
  0x00000000174a0800 JavaThread "Java2D Disposer" daemon [_thread_blocked, id=18104, stack(0x0000000017810000,0x0000000017910000)]
  0x0000000017103000 JavaThread "Service Thread" daemon [_thread_blocked, id=18076, stack(0x00000000174d0000,0x00000000175d0000)]
  0x0000000015797000 JavaThread "C1 CompilerThread2" daemon [_thread_blocked, id=18072, stack(0x0000000016fd0000,0x00000000170d0000)]
=>0x0000000015791000 JavaThread "C2 CompilerThread1" daemon [_thread_in_native, id=18068, stack(0x0000000016ed0000,0x0000000016fd0000)]
  0x000000001578e000 JavaThread "C2 CompilerThread0" daemon [_thread_in_native, id=18064, stack(0x0000000016dd0000,0x0000000016ed0000)]
  0x000000001578c000 JavaThread "Attach Listener" daemon [_thread_blocked, id=18060, stack(0x0000000016cd0000,0x0000000016dd0000)]
  0x000000001578a800 JavaThread "Signal Dispatcher" daemon [_thread_blocked, id=18056, stack(0x0000000016bd0000,0x0000000016cd0000)]
  0x000000001577a800 JavaThread "Finalizer" daemon [_thread_blocked, id=18052, stack(0x00000000169e0000,0x0000000016ae0000)]
  0x00000000031b0800 JavaThread "Reference Handler" daemon [_thread_blocked, id=18048, stack(0x00000000168e0000,0x00000000169e0000)]

Other Threads:
  0x0000000015758800 VMThread [stack: 0x00000000167e0000,0x00000000168e0000] [id=18044]
  0x0000000017127000 WatcherThread [stack: 0x00000000175d0000,0x00000000176d0000] [id=18088]

VM state:not at safepoint (normal execution)

VM Mutex/Monitor currently owned by a thread: None

heap address: 0x00000000c1c00000, size: 996 MB, Compressed Oops mode: 32-bit
Narrow klass base: 0x0000000000000000, Narrow klass shift: 3
Compressed class space size: 1073741824 Address: 0x0000000100000000

Heap:
 PSYoungGen      total 18944K, used 3981K [0x00000000eb400000, 0x00000000ec900000, 0x0000000100000000)
  eden space 16384K, 23% used [0x00000000eb400000,0x00000000eb7b3440,0x00000000ec400000)
  from space 2560K, 7% used [0x00000000ec680000,0x00000000ec6b0000,0x00000000ec900000)
  to   space 2560K, 0% used [0x00000000ec400000,0x00000000ec400000,0x00000000ec680000)
 ParOldGen       total 44032K, used 10876K [0x00000000c1c00000, 0x00000000c4700000, 0x00000000eb400000)
  object space 44032K, 24% used [0x00000000c1c00000,0x00000000c269f268,0x00000000c4700000)
 Metaspace       used 8468K, capacity 8714K, committed 8832K, reserved 1056768K
  class space    used 1014K, capacity 1093K, committed 1152K, reserved 1048576K

Card table byte_map: [0x0000000012580000,0x0000000012780000] byte_map_base: 0x0000000011f72000

Marking Bits: (ParMarkBitMap*) 0x0000000076374ce0
 Begin Bits: [0x0000000012cd0000, 0x0000000013c60000)
 End Bits:   [0x0000000013c60000, 0x0000000014bf0000)

Polling page: 0x0000000001210000

CodeCache: size=245760Kb used=2783Kb max_used=2794Kb free=242976Kb
 bounds [0x00000000031c0000, 0x0000000003480000, 0x00000000121c0000]
 total_blobs=1158 nmethods=737 adapters=334
 compilation: enabled

Compilation events (10 events):
Event: 1775.805 Thread 0x000000001578e000  734 %     4       java.awt.EventDispatchThread::pumpEventsForFilter @ 10 (47 bytes)
Event: 1775.837 Thread 0x000000001578e000 nmethod 734% 0x000000000346cf10 code [0x000000000346d100, 0x000000000346dfe0]
Event: 1782.087 Thread 0x0000000015791000  735 % !   4       javax.swing.TimerQueue::run @ 9 (242 bytes)
Event: 1782.138 Thread 0x0000000015791000 nmethod 735% 0x000000000347b6d0 code [0x000000000347b9c0, 0x000000000347cc18]
Event: 59906.029 Thread 0x0000000015797000  736   !   3       java.awt.EventQueue::postEventPrivate (104 bytes)
Event: 59906.475 Thread 0x0000000015791000  738       4       java.awt.EventQueue::postEvent (172 bytes)
Event: 59906.664 Thread 0x000000001578e000  737       4       java.awt.EventQueue::getPriority (78 bytes)
Event: 59908.388 Thread 0x0000000015797000 nmethod 736 0x000000000347a8d0 code [0x000000000347aae0, 0x000000000347b388]
Event: 59908.388 Thread 0x000000001578e000 nmethod 737 0x00000000034633d0 code [0x0000000003463500, 0x00000000034635b8]
Event: 59908.388 Thread 0x000000001578e000  739       4       java.awt.EventQueue::coalesceEvent (86 bytes)

GC Heap History (8 events):
Event: 313.859 GC heap before
{Heap before GC invocations=1 (full 0):
 PSYoungGen      total 18944K, used 16384K [0x00000000eb400000, 0x00000000ec900000, 0x0000000100000000)
  eden space 16384K, 100% used [0x00000000eb400000,0x00000000ec400000,0x00000000ec400000)
  from space 2560K, 0% used [0x00000000ec680000,0x00000000ec680000,0x00000000ec900000)
  to   space 2560K, 0% used [0x00000000ec400000,0x00000000ec400000,0x00000000ec680000)
 ParOldGen       total 44032K, used 0K [0x00000000c1c00000, 0x00000000c4700000, 0x00000000eb400000)
  object space 44032K, 0% used [0x00000000c1c00000,0x00000000c1c00000,0x00000000c4700000)
 Metaspace       used 8461K, capacity 8650K, committed 8832K, reserved 1056768K
  class space    used 1014K, capacity 1093K, committed 1152K, reserved 1048576K
Event: 313.867 GC heap after
Heap after GC invocations=1 (full 0):
 PSYoungGen      total 18944K, used 2552K [0x00000000eb400000, 0x00000000ec900000, 0x0000000100000000)
  eden space 16384K, 0% used [0x00000000eb400000,0x00000000eb400000,0x00000000ec400000)
  from space 2560K, 99% used [0x00000000ec400000,0x00000000ec67e3b8,0x00000000ec680000)
  to   space 2560K, 0% used [0x00000000ec680000,0x00000000ec680000,0x00000000ec900000)
 ParOldGen       total 44032K, used 1140K [0x00000000c1c00000, 0x00000000c4700000, 0x00000000eb400000)
  object space 44032K, 2% used [0x00000000c1c00000,0x00000000c1d1d060,0x00000000c4700000)
 Metaspace       used 8461K, capacity 8650K, committed 8832K, reserved 1056768K
  class space    used 1014K, capacity 1093K, committed 1152K, reserved 1048576K
}
Event: 889.806 GC heap before
{Heap before GC invocations=2 (full 0):
 PSYoungGen      total 18944K, used 18936K [0x00000000eb400000, 0x00000000ec900000, 0x0000000100000000)
  eden space 16384K, 100% used [0x00000000eb400000,0x00000000ec400000,0x00000000ec400000)
  from space 2560K, 99% used [0x00000000ec400000,0x00000000ec67e3b8,0x00000000ec680000)
  to   space 2560K, 0% used [0x00000000ec680000,0x00000000ec680000,0x00000000ec900000)
 ParOldGen       total 44032K, used 1140K [0x00000000c1c00000, 0x00000000c4700000, 0x00000000eb400000)
  object space 44032K, 2% used [0x00000000c1c00000,0x00000000c1d1d060,0x00000000c4700000)
 Metaspace       used 8461K, capacity 8650K, committed 8832K, reserved 1056768K
  class space    used 1014K, capacity 1093K, committed 1152K, reserved 1048576K
Event: 889.820 GC heap after
Heap after GC invocations=2 (full 0):
 PSYoungGen      total 18944K, used 2552K [0x00000000eb400000, 0x00000000ec900000, 0x0000000100000000)
  eden space 16384K, 0% used [0x00000000eb400000,0x00000000eb400000,0x00000000ec400000)
  from space 2560K, 99% used [0x00000000ec680000,0x00000000ec8fe3b8,0x00000000ec900000)
  to   space 2560K, 0% used [0x00000000ec400000,0x00000000ec400000,0x00000000ec680000)
 ParOldGen       total 44032K, used 3601K [0x00000000c1c00000, 0x00000000c4700000, 0x00000000eb400000)
  object space 44032K, 8% used [0x00000000c1c00000,0x00000000c1f84740,0x00000000c4700000)
 Metaspace       used 8461K, capacity 8650K, committed 8832K, reserved 1056768K
  class space    used 1014K, capacity 1093K, committed 1152K, reserved 1048576K
}
Event: 1462.036 GC heap before
{Heap before GC invocations=3 (full 0):
 PSYoungGen      total 18944K, used 18936K [0x00000000eb400000, 0x00000000ec900000, 0x0000000100000000)
  eden space 16384K, 100% used [0x00000000eb400000,0x00000000ec400000,0x00000000ec400000)
  from space 2560K, 99% used [0x00000000ec680000,0x00000000ec8fe3b8,0x00000000ec900000)
  to   space 2560K, 0% used [0x00000000ec400000,0x00000000ec400000,0x00000000ec680000)
 ParOldGen       total 44032K, used 3601K [0x00000000c1c00000, 0x00000000c4700000, 0x00000000eb400000)
  object space 44032K, 8% used [0x00000000c1c00000,0x00000000c1f84740,0x00000000c4700000)
 Metaspace       used 8468K, capacity 8714K, committed 8832K, reserved 1056768K
  class space    used 1014K, capacity 1093K, committed 1152K, reserved 1048576K
Event: 1462.057 GC heap after
Heap after GC invocations=3 (full 0):
 PSYoungGen      total 18944K, used 160K [0x00000000eb400000, 0x00000000ec900000, 0x0000000100000000)
  eden space 16384K, 0% used [0x00000000eb400000,0x00000000eb400000,0x00000000ec400000)
  from space 2560K, 6% used [0x00000000ec400000,0x00000000ec428000,0x00000000ec680000)
  to   space 2560K, 0% used [0x00000000ec680000,0x00000000ec680000,0x00000000ec900000)
 ParOldGen       total 44032K, used 10876K [0x00000000c1c00000, 0x00000000c4700000, 0x00000000eb400000)
  object space 44032K, 24% used [0x00000000c1c00000,0x00000000c269f268,0x00000000c4700000)
 Metaspace       used 8468K, capacity 8714K, committed 8832K, reserved 1056768K
  class space    used 1014K, capacity 1093K, committed 1152K, reserved 1048576K
}
Event: 59783.763 GC heap before
{Heap before GC invocations=4 (full 0):
 PSYoungGen      total 18944K, used 16544K [0x00000000eb400000, 0x00000000ec900000, 0x0000000100000000)
  eden space 16384K, 100% used [0x00000000eb400000,0x00000000ec400000,0x00000000ec400000)
  from space 2560K, 6% used [0x00000000ec400000,0x00000000ec428000,0x00000000ec680000)
  to   space 2560K, 0% used [0x00000000ec680000,0x00000000ec680000,0x00000000ec900000)
 ParOldGen       total 44032K, used 10876K [0x00000000c1c00000, 0x00000000c4700000, 0x00000000eb400000)
  object space 44032K, 24% used [0x00000000c1c00000,0x00000000c269f268,0x00000000c4700000)
 Metaspace       used 8468K, capacity 8714K, committed 8832K, reserved 1056768K
  class space    used 1014K, capacity 1093K, committed 1152K, reserved 1048576K
Event: 59783.767 GC heap after
Heap after GC invocations=4 (full 0):
 PSYoungGen      total 18944K, used 192K [0x00000000eb400000, 0x00000000ec900000, 0x0000000100000000)
  eden space 16384K, 0% used [0x00000000eb400000,0x00000000eb400000,0x00000000ec400000)
  from space 2560K, 7% used [0x00000000ec680000,0x00000000ec6b0000,0x00000000ec900000)
  to   space 2560K, 0% used [0x00000000ec400000,0x00000000ec400000,0x00000000ec680000)
 ParOldGen       total 44032K, used 10876K [0x00000000c1c00000, 0x00000000c4700000, 0x00000000eb400000)
  object space 44032K, 24% used [0x00000000c1c00000,0x00000000c269f268,0x00000000c4700000)
 Metaspace       used 8468K, capacity 8714K, committed 8832K, reserved 1056768K
  class space    used 1014K, capacity 1093K, committed 1152K, reserved 1048576K
}

Deoptimization events (3 events):
Event: 0.728 Thread 0x0000000002fbd800 Uncommon trap: reason=null_check action=make_not_entrant pc=0x0000000003337ca0 method=java.lang.String.equals(Ljava/lang/Object;)Z @ 8
Event: 59903.144 Thread 0x00000000181e6800 Uncommon trap: reason=unstable_if action=reinterpret pc=0x000000000345327c method=java.util.concurrent.locks.ReentrantLock$Sync.nonfairTryAcquire(I)Z @ 34
Event: 59904.591 Thread 0x00000000181e6800 Uncommon trap: reason=unstable_if action=reinterpret pc=0x000000000347c3dc method=javax.swing.Timer.post()V @ 9

Classes redefined (0 events):
No events

Internal exceptions (10 events):
Event: 0.121 Thread 0x0000000002fbd800 Exception <a 'java/lang/NoSuchMethodError': Method sun.misc.Unsafe.prefetchRead(Ljava/lang/Object;J)V name or signature does not match> (0x00000000eb407f98) thrown at [C:\re\workspace\8-2-build-windows-amd64-cygwin\jdk8u201\12322\hotspot\src\share\vm\prim
Event: 0.561 Thread 0x0000000002fbd800 Exception <a 'java/security/PrivilegedActionException'> (0x00000000eb47f6e0) thrown at [C:\re\workspace\8-2-build-windows-amd64-cygwin\jdk8u201\12322\hotspot\src\share\vm\prims\jvm.cpp, line 1502]
Event: 0.561 Thread 0x0000000002fbd800 Exception <a 'java/security/PrivilegedActionException'> (0x00000000eb47f8f0) thrown at [C:\re\workspace\8-2-build-windows-amd64-cygwin\jdk8u201\12322\hotspot\src\share\vm\prims\jvm.cpp, line 1502]
Event: 0.562 Thread 0x0000000002fbd800 Exception <a 'java/security/PrivilegedActionException'> (0x00000000eb483560) thrown at [C:\re\workspace\8-2-build-windows-amd64-cygwin\jdk8u201\12322\hotspot\src\share\vm\prims\jvm.cpp, line 1502]
Event: 0.562 Thread 0x0000000002fbd800 Exception <a 'java/security/PrivilegedActionException'> (0x00000000eb483770) thrown at [C:\re\workspace\8-2-build-windows-amd64-cygwin\jdk8u201\12322\hotspot\src\share\vm\prims\jvm.cpp, line 1502]
Event: 0.567 Thread 0x0000000002fbd800 Exception <a 'java/io/FileNotFoundException'> (0x00000000eb485950) thrown at [C:\re\workspace\8-2-build-windows-amd64-cygwin\jdk8u201\12322\hotspot\src\share\vm\prims\jni.cpp, line 709]
Event: 0.602 Thread 0x0000000002fbd800 Exception <a 'java/lang/NoSuchFieldError': method resolution failed> (0x00000000eb5a8470) thrown at [C:\re\workspace\8-2-build-windows-amd64-cygwin\jdk8u201\12322\hotspot\src\share\vm\prims\methodHandles.cpp, line 1167]
Event: 0.604 Thread 0x0000000002fbd800 Exception <a 'java/lang/NoSuchFieldError': method resolution failed> (0x00000000eb5b5840) thrown at [C:\re\workspace\8-2-build-windows-amd64-cygwin\jdk8u201\12322\hotspot\src\share\vm\prims\methodHandles.cpp, line 1167]
Event: 0.728 Thread 0x0000000002fbd800 Implicit null exception at 0x0000000003337ae2 to 0x0000000003337c91
Event: 0.737 Thread 0x0000000002fbd800 Exception <a 'java/io/FileNotFoundException'> (0x00000000eb6ef3e0) thrown at [C:\re\workspace\8-2-build-windows-amd64-cygwin\jdk8u201\12322\hotspot\src\share\vm\prims\jni.cpp, line 709]

Events (10 events):
Event: 59674.551 Thread 0x00000000181e6800 DEOPT PACKING pc=0x0000000003470e6e sp=0x0000000018fcf440
Event: 59674.551 Thread 0x00000000181e6800 DEOPT UNPACKING pc=0x0000000003207890 sp=0x0000000018fcf248 mode 0
Event: 59783.762 Executing VM operation: ParallelGCFailedAllocation
Event: 59783.767 Executing VM operation: ParallelGCFailedAllocation done
Event: 59902.272 Thread 0x00000000181e6800 Uncommon trap: trap_request=0xffffff65 fr.pc=0x000000000345327c
Event: 59903.154 Thread 0x00000000181e6800 DEOPT PACKING pc=0x000000000345327c sp=0x0000000018fce830
Event: 59903.154 Thread 0x00000000181e6800 DEOPT UNPACKING pc=0x000000000320583b sp=0x0000000018fce640 mode 2
Event: 59904.206 Thread 0x00000000181e6800 Uncommon trap: trap_request=0xffffff65 fr.pc=0x000000000347c3dc
Event: 59904.594 Thread 0x00000000181e6800 DEOPT PACKING pc=0x000000000347c3dc sp=0x0000000018fcf500
Event: 59904.594 Thread 0x00000000181e6800 DEOPT UNPACKING pc=0x000000000320583b sp=0x0000000018fcf478 mode 2


Dynamic libraries:
0x00007ff7e91a0000 - 0x00007ff7e91d7000 	C:\Program Files\Java\jre1.8.0_201\bin\javaw.exe
0x00007ffd79480000 - 0x00007ffd79661000 	C:\WINDOWS\SYSTEM32\ntdll.dll
0x00007ffd790d0000 - 0x00007ffd79181000 	C:\WINDOWS\System32\KERNEL32.DLL
0x00007ffd76690000 - 0x00007ffd76903000 	C:\WINDOWS\System32\KERNELBASE.dll
0x00007ffd776e0000 - 0x00007ffd77781000 	C:\WINDOWS\System32\ADVAPI32.dll
0x00007ffd791a0000 - 0x00007ffd7923e000 	C:\WINDOWS\System32\msvcrt.dll
0x00007ffd76dc0000 - 0x00007ffd76e1b000 	C:\WINDOWS\System32\sechost.dll
0x00007ffd771d0000 - 0x00007ffd772f4000 	C:\WINDOWS\System32\RPCRT4.dll
0x00007ffd76e20000 - 0x00007ffd76fb0000 	C:\WINDOWS\System32\USER32.dll
0x00007ffd76380000 - 0x00007ffd763a0000 	C:\WINDOWS\System32\win32u.dll
0x00007ffd79420000 - 0x00007ffd79448000 	C:\WINDOWS\System32\GDI32.dll
0x00007ffd764a0000 - 0x00007ffd76632000 	C:\WINDOWS\System32\gdi32full.dll
0x00007ffd763a0000 - 0x00007ffd7643f000 	C:\WINDOWS\System32\msvcp_win.dll
0x00007ffd75ac0000 - 0x00007ffd75bb8000 	C:\WINDOWS\System32\ucrtbase.dll
0x00007ffd6b5c0000 - 0x00007ffd6b829000 	C:\WINDOWS\WinSxS\amd64_microsoft.windows.common-controls_6595b64144ccf1df_6.0.17134.765_none_fb42a1a930655896\COMCTL32.dll
0x00007ffd769e0000 - 0x00007ffd76d02000 	C:\WINDOWS\System32\combase.dll
0x00007ffd75850000 - 0x00007ffd758ca000 	C:\WINDOWS\System32\bcryptPrimitives.dll
0x00007ffd76910000 - 0x00007ffd7693d000 	C:\WINDOWS\System32\IMM32.DLL
0x0000000075a70000 - 0x0000000075b41000 	C:\Program Files\Java\jre1.8.0_201\bin\msvcr100.dll
0x0000000075b50000 - 0x00000000763f4000 	C:\Program Files\Java\jre1.8.0_201\bin\server\jvm.dll
0x00007ffd77790000 - 0x00007ffd77798000 	C:\WINDOWS\System32\PSAPI.DLL
0x00007ffd6a240000 - 0x00007ffd6a24a000 	C:\WINDOWS\SYSTEM32\VERSION.dll
0x00007ffd73370000 - 0x00007ffd73393000 	C:\WINDOWS\SYSTEM32\WINMM.dll
0x00007ffd72150000 - 0x00007ffd72159000 	C:\WINDOWS\SYSTEM32\WSOCK32.dll
0x00007ffd77300000 - 0x00007ffd7736c000 	C:\WINDOWS\System32\WS2_32.dll
0x00007ffd73340000 - 0x00007ffd7336a000 	C:\WINDOWS\SYSTEM32\winmmbase.dll
0x00007ffd76640000 - 0x00007ffd76689000 	C:\WINDOWS\System32\cfgmgr32.dll
0x00007ffd72140000 - 0x00007ffd7214f000 	C:\Program Files\Java\jre1.8.0_201\bin\verify.dll
0x00007ffd5e6c0000 - 0x00007ffd5e6e9000 	C:\Program Files\Java\jre1.8.0_201\bin\java.dll
0x00007ffd68c70000 - 0x00007ffd68c86000 	C:\Program Files\Java\jre1.8.0_201\bin\zip.dll
0x00007ffd777a0000 - 0x00007ffd78be0000 	C:\WINDOWS\System32\SHELL32.dll
0x00007ffd76d10000 - 0x00007ffd76db9000 	C:\WINDOWS\System32\shcore.dll
0x00007ffd75bc0000 - 0x00007ffd762cd000 	C:\WINDOWS\System32\windows.storage.dll
0x00007ffd79240000 - 0x00007ffd79291000 	C:\WINDOWS\System32\shlwapi.dll
0x00007ffd757d0000 - 0x00007ffd757e1000 	C:\WINDOWS\System32\kernel.appcore.dll
0x00007ffd757b0000 - 0x00007ffd757cf000 	C:\WINDOWS\System32\profapi.dll
0x00007ffd75800000 - 0x00007ffd7584c000 	C:\WINDOWS\System32\powrprof.dll
0x00007ffd757f0000 - 0x00007ffd757fa000 	C:\WINDOWS\System32\FLTLIB.DLL
0x00007ffd4d420000 - 0x00007ffd4d5b9000 	C:\Program Files\Java\jre1.8.0_201\bin\awt.dll
0x00007ffd77380000 - 0x00007ffd77442000 	C:\WINDOWS\System32\OLEAUT32.dll
0x00007ffd73db0000 - 0x00007ffd73e3b000 	C:\WINDOWS\SYSTEM32\apphelp.dll
0x00007ffd73e60000 - 0x00007ffd73ef8000 	C:\WINDOWS\system32\uxtheme.dll
0x00007ffd792a0000 - 0x00007ffd79413000 	C:\WINDOWS\System32\MSCTF.dll
0x00007ffd741a0000 - 0x00007ffd741c9000 	C:\WINDOWS\system32\dwmapi.dll
0x00007ffd77070000 - 0x00007ffd771c1000 	C:\WINDOWS\System32\ole32.dll
0x00007ffd56b00000 - 0x00007ffd56c20000 	C:\WINDOWS\system32\opengl32.dll
0x00007ffd6eed0000 - 0x00007ffd6eefc000 	C:\WINDOWS\SYSTEM32\GLU32.dll
0x00007ffd57680000 - 0x00007ffd576c7000 	C:\Program Files\Java\jre1.8.0_201\bin\fontmanager.dll
0x00007ffd6d6e0000 - 0x00007ffd6d776000 	C:\WINDOWS\System32\TextInputFramework.dll
0x00007ffd70ac0000 - 0x00007ffd70dde000 	C:\WINDOWS\System32\CoreUIComponents.dll
0x00007ffd74880000 - 0x00007ffd748b1000 	C:\WINDOWS\SYSTEM32\ntmarta.dll
0x00007ffd72f30000 - 0x00007ffd7300a000 	C:\WINDOWS\System32\CoreMessaging.dll
0x00007ffd71320000 - 0x00007ffd7146d000 	C:\WINDOWS\SYSTEM32\wintypes.dll

VM Arguments:
jvm_args: -Dfile.encoding=Cp1252 
java_command: Evo
java_class_path (initial): C:\Users\League\git\league-level2-game-adrianolguin\bin
Launcher Type: SUN_STANDARD

Environment Variables:
PATH=C:/Program Files/Java/jre1.8.0_201/bin/server;C:/Program Files/Java/jre1.8.0_201/bin;C:/Program Files/Java/jre1.8.0_201/lib/amd64;C:\WINDOWS;C:\Program Files (x86)\Common Files\Oracle\Java\javapath;C:\WINDOWS\system32;C:\WINDOWS;C:\WINDOWS\System32\Wbem;C:\WINDOWS\System32\WindowsPowerShell\v1.0\;C:\Program Files (x86)\Intel\OpenCL SDK\2.0\bin\x86;C:\Program Files (x86)\Intel\OpenCL SDK\2.0\bin\x64;C:\WINDOWS\System32\OpenSSH\;C:\Users\League\AppData\Local\Microsoft\WindowsApps;;C:\Users\League\Desktop;
USERNAME=League
OS=Windows_NT
PROCESSOR_IDENTIFIER=Intel64 Family 6 Model 42 Stepping 7, GenuineIntel



---------------  S Y S T E M  ---------------

OS: Windows 10.0 , 64 bit Build 17134 (10.0.17134.753)

CPU:total 4 (initial active 4) (4 cores per cpu, 1 threads per core) family 6 model 42 stepping 7, cmov, cx8, fxsr, mmx, sse, sse2, sse3, ssse3, sse4.1, sse4.2, popcnt, avx, aes, clmul, tsc, tscinvbit

Memory: 4k page, physical 4079568k(675888k free), swap 16662480k(22272k free)

vm_info: Java HotSpot(TM) 64-Bit Server VM (25.201-b09) for windows-amd64 JRE (1.8.0_201-b09), built on Dec 15 2018 18:36:39 by "java_re" with MS VC++ 10.0 (VS2010)

time: Tue May 28 15:47:41 2019
timezone: Pacific Daylight Time
elapsed time: 59909 seconds (0d 16h 38m 29s)

